<?xml version="1.0" encoding="UTF-8"?>
<testng-results ignored="0" total="1" passed="1" failed="0" skipped="0">
  <reporter-output>
  </reporter-output>
  <suite started-at="2023-07-14T13:41:21 BST" name="Default suite" finished-at="2023-07-14T13:41:21 BST" duration-ms="402">
    <groups>
    </groups>
    <test started-at="2023-07-14T13:41:21 BST" name="Default test" finished-at="2023-07-14T13:41:21 BST" duration-ms="402">
      <class name="CreatingLogs">
        <test-method is-config="true" signature="config()[pri:0, instance:CreatingLogs@71ba6d4e]" started-at="2023-07-14T13:41:21 BST" name="config" finished-at="2023-07-14T13:41:21 BST" duration-ms="131" status="PASS">
          <reporter-output>
          </reporter-output>
        </test-method> <!-- config -->
        <test-method signature="logsGeneration()[pri:0, instance:CreatingLogs@71ba6d4e]" started-at="2023-07-14T13:41:21 BST" name="logsGeneration" finished-at="2023-07-14T13:41:21 BST" duration-ms="11" status="PASS">
          <reporter-output>
          </reporter-output>
        </test-method> <!-- logsGeneration -->
        <test-method is-config="true" signature="tearDown()[pri:0, instance:CreatingLogs@71ba6d4e]" started-at="2023-07-14T13:41:21 BST" name="tearDown" finished-at="2023-07-14T13:41:21 BST" duration-ms="239" status="PASS">
          <reporter-output>
          </reporter-output>
        </test-method> <!-- tearDown -->
      </class> <!-- CreatingLogs -->
    </test> <!-- Default test -->
  </suite> <!-- Default suite -->
</testng-results>
